Date: 24.02.2024, 22:04:28, category: webContext.js, level: WARN, message: {"apple":"apple","banana":"banana"}
Date: 24.02.2024, 22:04:55, category: webContext.js, level: WARN, message: {"apple":"apple","banana":"banana"}
Date: 24.02.2024, 22:05:09, category: webContext.js, level: WARN, message: {"apple":"apple","banana":"banana"}
Date: 24.02.2024, 22:05:42, category: webContext.js, level: WARN, message: {"apple":"apple","banana":"banana"}
Date: 24.02.2024, 22:13:49, category: webContext.js, level: WARN, message: {"apple":"apple","banana":"banana"}
Date: 24.02.2024, 22:16:22, category: webContext.js, level: TRACE, message: "Some trace data"
Date: 24.02.2024, 22:22:24, category: webContext.js, level: INFO, message: {"yellow":"yellow","red":"red"}
Date: 24.02.2024, 22:22:24, category: math.js, level: INFO, message: "First operand: 2"
Date: 24.02.2024, 22:22:24, category: math.js, level: INFO, message: "Second operand: 5"
Date: 24.02.2024, 22:22:59, category: webContext.js, level: TRACE, message: "Some trace data"
Date: 2/25/2024, 7:37:08 AM, category: webContext.js, level: TRACE, message: "Some trace data"
Date: 2/25/2024, 8:39:09 AM, category: webContext.js, level: TRACE, message: "Some trace data"
Date: 2/25/2024, 8:40:09 AM, category: webContext.js, level: TRACE, message: "Some trace data"
Date: 2/25/2024, 8:41:49 AM, category: webContext.js, level: TRACE, message: "Some trace data"
Date: 2/25/2024, 8:42:10 AM, category: webContext.js, level: TRACE, message: "Some trace data"
Date: 2/25/2024, 8:43:31 AM, category: webContext.js, level: TRACE, message: "Some trace data"
Date: 2/25/2024, 8:43:52 AM, category: webContext.js, level: TRACE, message: "Some trace data"
Date: 2/25/2024, 8:44:24 AM, category: webContext.js, level: TRACE, message: "Some trace data"
Date: 2/25/2024, 8:44:46 AM, category: webContext.js, level: TRACE, message: "Some trace data"
Date: 2/25/2024, 8:45:00 AM, category: webContext.js, level: TRACE, message: "Some trace data"
Date: 2/25/2024, 8:45:33 AM, category: webContext.js, level: TRACE, message: "Some trace data"
Date: 2/25/2024, 8:46:07 AM, category: webContext.js, level: TRACE, message: "Some trace data"
{"date":"2/25/2024, 8:47:03 AM","level":"TRACE","category":"webContext.js","message":"Some trace data"}
Date: 2/25/2024, 8:50:28 AM, category: webContext.js, level: TRACE, message: "Some trace data"
Date: 2/25/2024, 8:51:07 AM, category: webContext.js, level: TRACE, message: "Some trace data"
Date: 2/25/2024, 8:51:41 AM, category: webContext.js, level: TRACE, message: "Some trace data"
{"date":"2/25/2024, 8:51:56 AM","level":"TRACE","category":"webContext.js","message":"Some trace data"}
2/25/2024, 8:52:47 AM,TRACE,webContext.js,"Some trace data"
[object Object]
[object Object]
[object Object]
undefined
undefined
[object Object]
[object Object]
undefined
undefined
undefined
undefined
undefined
[object Object]
undefined
undefined
undefined
undefined
undefined
undefined
undefined
undefined
undefined

[object Object]

[object Object]

undefined
date,level,category,message
"2/25/2024, 10:21:59 AM",TRACE,webContext.js,Some trace data
{"date":"2/25/2024, 10:22:25 AM","level":"TRACE","category":"webContext.js","message":"Some trace data"}
{"date":"2/25/2024, 11:04:53 AM","level":"TRACE","category":"webContext.js","message":"Some trace data"}
[object Object]
[object Object]
[object Object]
{"date":"2/25/2024, 2:39:39 PM","level":"TRACE","category":"webContext.js","message":"Some trace data"}
date,level,category,message
"2/25/2024, 4:35:01 PM",TRACE,webContext.js,Some trace data
{"date":"2/25/2024, 4:35:21 PM","level":"TRACE","category":"webContext.js","message":"Some trace data"}
{"date":"2/25/2024, 5:06:18 PM","level":"TRACE","category":"webContext.js","message":"Some trace data"}
date,level,category,message
"2/25/2024, 5:06:36 PM",TRACE,webContext.js,Some trace data
date,level,category,message
"2/25/2024, 5:20:26 PM",TRACE,webContext.js,"[""Some trace data"",""Data"",""User:""]"
date,level,category,message
"2/25/2024, 5:21:50 PM",TRACE,webContext.js,Some trace data Data User:
{"date":"2/25/2024, 5:22:14 PM","level":"TRACE","category":"webContext.js","message":"Some trace data Data User:"}
{"date":"2/25/2024, 5:22:43 PM","level":"TRACE","category":"webContext.js","message":"Some trace data, Data, User:"}
{"date":"01.03.2024, 12:57:57","level":"TRACE","category":"webContext.js","message":"Some trace data, Data, User"}
{"date":"2024-3-1 14:26:35","level":"INFO","category":"webContext.js","message":"[object Object]"}
{"date":"2024-3-1 14:26:35","level":"DEBUG","category":"webContext.js","message":"Some debug data"}
{"date":"2024-3-1 14:26:35","level":"WARN","category":"webContext.js","message":"[object Object]"}
{"date":"2024-3-1 14:26:35","level":"INFO","category":"math.js","message":"First operand: 2"}
{"date":"2024-3-1 14:26:35","level":"INFO","category":"math.js","message":"Second operand: 5"}
2024-3-1 14:32:6,WARN,webContext.js,[object Object]
2024-3-1 14:32:6,INFO,webContext.js,[object Object]
2024-3-1 14:32:6,INFO,math.js,First operand: 2
2024-3-1 14:32:6,DEBUG,webContext.js,Some debug data
2024-3-1 14:32:6,INFO,math.js,Second operand: 5
2024-3-1 14:44:23,INFO,webContext.js,[object Object]
2024-3-1 14:44:23,WARN,webContext.js,[object Object]
2024-3-1 14:44:23,INFO,math.js,Second operand: 5
2024-3-1 14:44:23,INFO,math.js,First operand: 2
2024-3-1 14:44:23,DEBUG,webContext.js,Some debug data
2024-3-1 14:46:18,INFO,webContext.js,[object Object]
2024-3-1 14:46:18,WARN,webContext.js,[object Object]
2024-3-1 14:46:18,DEBUG,webContext.js,Some debug data
2024-3-1 14:46:18,INFO,math.js,First operand: 2
2024-3-1 14:46:18,INFO,math.js,Second operand: 5
2024-3-1 14:47:0,INFO,webContext.js,[object Object]
2024-3-1 14:47:0,WARN,webContext.js,[object Object]
2024-3-1 14:47:0,DEBUG,webContext.js,Some debug data
2024-3-1 14:47:0,INFO,math.js,First operand: 2
2024-3-1 14:47:0,INFO,math.js,Second operand: 5
{"date":"2024-3-1 17:8:23","level":"INFO","category":"webContext.js","message":"[object Object]"}{"date":"2024-3-1 17:8:23","level":"WARN","category":"webContext.js","message":"[object Object]"}{"date":"2024-3-1 17:8:23","level":"INFO","category":"math.js","message":"Second operand: 5"}{"date":"2024-3-1 17:8:23","level":"INFO","category":"math.js","message":"First operand: 2"}{"date":"2024-3-1 17:8:23","level":"DEBUG","category":"webContext.js","message":"Some debug data"}{"date":"2024-3-1 17:14:0","level":"INFO","category":"webContext.js","message":"[object Object]\n"}{"date":"2024-3-1 17:14:0","level":"WARN","category":"webContext.js","message":"[object Object]\n"}{"date":"2024-3-1 17:14:0","level":"DEBUG","category":"webContext.js","message":"Some debug data\n"}{"date":"2024-3-1 17:14:0","level":"INFO","category":"math.js","message":"First operand: 2\n"}{"date":"2024-3-1 17:14:0","level":"INFO","category":"math.js","message":"Second operand: 5\n"}{"date":"2024-3-1 17:18:51","level":"INFO","category":"webContext.js","message":"[object Object]"}
{"date":"2024-3-1 17:18:51","level":"WARN","category":"webContext.js","message":"[object Object]"}
{"date":"2024-3-1 17:18:51","level":"DEBUG","category":"webContext.js","message":"Some debug data"}
{"date":"2024-3-1 17:18:51","level":"INFO","category":"math.js","message":"First operand: 2"}
{"date":"2024-3-1 17:18:51","level":"INFO","category":"math.js","message":"Second operand: 5"}
2024-3-1 17:19:7,INFO,webContext.js,[object Object]
2024-3-1 17:19:7,WARN,webContext.js,[object Object]
2024-3-1 17:19:7,DEBUG,webContext.js,Some debug data
2024-3-1 17:19:7,INFO,math.js,First operand: 2
2024-3-1 17:19:7,INFO,math.js,Second operand: 5
Date: 2024-3-1 17:19:21, category: webContext.js, level: INFO, message: "[object Object]"Date: 2024-3-1 17:19:21, category: webContext.js, level: WARN, message: "[object Object]"Date: 2024-3-1 17:19:21, category: webContext.js, level: DEBUG, message: "Some debug data"Date: 2024-3-1 17:19:21, category: math.js, level: INFO, message: "Second operand: 5"Date: 2024-3-1 17:19:21, category: math.js, level: INFO, message: "First operand: 2"Date: 2024-3-1 17:20:35, category: webContext.js, level: INFO, message: "[object Object]"
Date: 2024-3-1 17:20:35, category: webContext.js, level: WARN, message: "[object Object]"
Date: 2024-3-1 17:20:35, category: webContext.js, level: DEBUG, message: "Some debug data"
Date: 2024-3-1 17:20:35, category: math.js, level: INFO, message: "First operand: 2"
Date: 2024-3-1 17:20:35, category: math.js, level: INFO, message: "Second operand: 5"
Date: 2024-3-1 17:28:36, category: webContext.js, level: INFO, message: "[object Object]"
Date: 2024-3-1 17:28:36, category: webContext.js, level: INFO, message: "[object Object]"
Date: 2024-3-1 17:28:36, category: webContext.js, level: WARN, message: "[object Object]"
Date: 2024-3-1 17:28:36, category: webContext.js, level: ERROR, message: "ERROR occur: My log"
Date: 2024-3-1 17:28:36, category: webContext.js, level: DEBUG, message: "Some debug data"
Date: 2024-3-1 17:28:36, category: webContext.js, level: WARN, message: "[object Object]"
Date: 2024-3-1 17:28:36, category: webContext.js, level: DEBUG, message: "Some debug data"
Date: 2024-3-1 17:28:36, category: math.js, level: INFO, message: "First operand: 2"
Date: 2024-3-1 17:28:36, category: math.js, level: INFO, message: "First operand: 2"
Date: 2024-3-1 17:28:36, category: math.js, level: INFO, message: "Second operand: 5"
Date: 2024-3-1 17:28:36, category: math.js, level: INFO, message: "Second operand: 5"
2024-3-1 17:29:15,INFO,webContext.js,[object Object]
2024-3-1 17:29:15,WARN,webContext.js,[object Object]
2024-3-1 17:29:15,DEBUG,webContext.js,Some debug data
2024-3-1 17:29:15,INFO,math.js,First operand: 2
2024-3-1 17:29:15,INFO,math.js,Second operand: 5
2024-3-1 17:30:55,WARN,webContext.js,[object Object]
2024-3-1 17:30:55,INFO,webContext.js,[object Object]
2024-3-1 17:30:55,DEBUG,webContext.js,Some debug data
2024-3-1 17:30:55,INFO,math.js,First operand: 2
2024-3-1 17:30:55,INFO,math.js,Second operand: 5
2024-3-1 17:32:34,INFO,webContext.js,[object Object]
2024-3-1 17:32:34,WARN,webContext.js,[object Object]
2024-3-1 17:32:34,DEBUG,webContext.js,Some debug data
2024-3-1 17:32:34,INFO,math.js,First operand: 2
2024-3-1 17:32:34,INFO,math.js,Second operand: 5
2024-3-1 17:35:2,WARN,webContext.js,[object Object]
2024-3-1 17:35:1,INFO,webContext.js,[object Object]
2024-3-1 17:35:2,DEBUG,webContext.js,Some debug data
2024-3-1 17:35:2,INFO,math.js,First operand: 2
2024-3-1 17:35:2,INFO,math.js,Second operand: 5
2024-3-1 17:37:9,TRACE,webContext.js,"Some trace data, Data, User"
2024-3-1 17:37:44,ERROR,webContext.js,ERROR occur: My log
2024-3-1 17:45:28,TRACE,webContext.js,"Some trace data, Data, User"
2024-3-1 17:45:49,INFO,webContext.js,[object Object]
2024-3-1 17:45:49,WARN,webContext.js,[object Object]
2024-3-1 17:45:49,INFO,math.js,First operand: 2
2024-3-1 17:45:49,DEBUG,webContext.js,Some debug data
2024-3-1 17:45:49,INFO,math.js,Second operand: 5
2024-3-1 17:46:36,INFO,webContext.js,[object Object]
2024-3-1 17:46:36,WARN,webContext.js,[object Object]
2024-3-1 17:46:36,DEBUG,webContext.js,Some debug data
2024-3-1 17:46:36,INFO,math.js,First operand: 2
2024-3-1 17:46:36,INFO,math.js,Second operand: 5
2024-3-1 17:47:45,INFO,webContext.js,[object Object]
2024-3-1 17:47:45,WARN,webContext.js,[object Object]
2024-3-1 17:47:45,ERROR,webContext.js,ERROR occur: My log
2024-3-1 17:47:45,DEBUG,webContext.js,Some debug data
2024-3-1 17:47:45,INFO,math.js,First operand: 2
2024-3-1 17:47:45,INFO,math.js,Second operand: 5
2024-3-1 17:48:23,WARN,webContext.js,[object Object]
2024-3-1 17:48:23,INFO,webContext.js,[object Object]
2024-3-1 17:48:23,ERROR,webContext.js,ERROR occur: My log
2024-3-1 17:48:23,DEBUG,webContext.js,Some debug data
2024-3-1 17:48:23,INFO,math.js,First operand: 2
2024-3-1 17:48:23,INFO,math.js,Second operand: 5
2024-3-1 17:50:18,INFO,webContext.js,[object Object]
2024-3-1 17:50:18,WARN,webContext.js,[object Object]
2024-3-1 17:50:18,ERROR,webContext.js,ERROR occur: My log
2024-3-1 17:50:18,DEBUG,webContext.js,Some debug data
2024-3-1 17:50:18,INFO,math.js,First operand: 2
2024-3-1 17:50:18,INFO,math.js,Second operand: 5
2024-3-1 17:51:48,INFO,webContext.js,[object Object]
2024-3-1 17:51:48,WARN,webContext.js,[object Object]
2024-3-1 17:51:48,ERROR,webContext.js,ERROR occur: My log
2024-3-1 17:51:48,DEBUG,webContext.js,Some debug data
2024-3-1 17:51:48,INFO,math.js,First operand: 2
2024-3-1 17:51:48,INFO,math.js,Second operand: 5
2024-3-1 17:53:12,INFO,webContext.js,[object Object]
2024-3-1 17:53:12,WARN,webContext.js,[object Object]
2024-3-1 17:53:12,ERROR,webContext.js,occur: My log
2024-3-1 17:53:12,DEBUG,webContext.js,Some debug data
2024-3-1 17:53:12,INFO,math.js,First operand: 2
2024-3-1 17:53:12,INFO,math.js,Second operand: 5
2024-3-1 17:55:28,INFO,webContext.js,[object Object]
2024-3-1 17:55:28,WARN,webContext.js,[object Object]
2024-3-1 17:55:28,ERROR,webContext.js,occur: My log
2024-3-1 17:55:28,DEBUG,webContext.js,Some debug data
2024-3-1 17:55:28,INFO,math.js,First operand: 2
2024-3-1 17:55:28,INFO,math.js,Second operand: 5
2024-3-1 17:57:25,INFO,webContext.js,[object Object]
2024-3-1 17:57:25,WARN,webContext.js,[object Object]
2024-3-1 17:57:25,ERROR,webContext.js,occur: My log
2024-3-1 17:57:25,DEBUG,webContext.js,Some debug data
2024-3-1 17:57:25,INFO,math.js,First operand: 2
2024-3-1 17:57:25,INFO,math.js,Second operand: 5
2024-3-1 17:58:34,INFO,webContext.js,[object Object]
2024-3-1 17:58:34,WARN,webContext.js,[object Object]
2024-3-1 17:58:34,ERROR,webContext.js,occur: My log
2024-3-1 17:58:34,DEBUG,webContext.js,Some debug data
2024-3-1 17:58:34,INFO,math.js,First operand: 2
2024-3-1 17:58:34,INFO,math.js,Second operand: 5
2024-3-1 18:7:52,WARN,webContext.js,[object Object]
2024-3-1 18:7:52,INFO,webContext.js,[object Object]
2024-3-1 18:7:52,DEBUG,webContext.js,Some debug data
2024-3-1 18:7:52,INFO,math.js,First operand: 2
2024-3-1 18:7:52,INFO,math.js,Second operand: 5
2024-3-1 18:9:48,INFO,webContext.js,[object Object]
2024-3-1 18:9:48,WARN,webContext.js,[object Object]
2024-3-1 18:9:48,DEBUG,webContext.js,Some debug data
2024-3-1 18:9:48,ERROR,webContext.js,occur: My log
2024-3-1 18:9:48,INFO,math.js,First operand: 2
2024-3-1 18:9:48,INFO,math.js,Second operand: 5
2024-3-1 18:10:11,INFO,webContext.js,[object Object]
2024-3-1 18:10:11,WARN,webContext.js,[object Object]
2024-3-1 18:10:11,ERROR,webContext.js,occur: My log
2024-3-1 18:10:11,DEBUG,webContext.js,Some debug data
2024-3-1 18:10:11,INFO,math.js,First operand: 2
2024-3-1 18:10:11,INFO,math.js,Second operand: 5
2024-3-1 18:13:30,INFO,webContext.js,[object Object]
2024-3-1 18:13:30,WARN,webContext.js,[object Object]
2024-3-1 18:13:30,ERROR,webContext.js,occur: My log
2024-3-1 18:13:30,INFO,math.js,First operand: 2
2024-3-1 18:13:30,DEBUG,webContext.js,Some debug data
2024-3-1 18:13:30,INFO,math.js,Second operand: 5
2024-3-1 18:14:40,INFO,webContext.js,[object Object]
2024-3-1 18:14:40,WARN,webContext.js,[object Object]
2024-3-1 18:14:40,ERROR,webContext.js,occur: My log
2024-3-1 18:14:40,DEBUG,webContext.js,Some debug data
2024-3-1 18:14:40,INFO,math.js,First operand: 2
2024-3-1 18:14:40,INFO,math.js,Second operand: 5
{"date":"2024-3-1 18:15:0","level":"INFO","category":"webContext.js","message":"[object Object]"}
{"date":"2024-3-1 18:15:0","level":"WARN","category":"webContext.js","message":"[object Object]"}
{"date":"2024-3-1 18:15:0","level":"ERROR","category":"webContext.js","message":"occur: My log"}
{"date":"2024-3-1 18:15:0","level":"DEBUG","category":"webContext.js","message":"Some debug data"}
{"date":"2024-3-1 18:15:0","level":"INFO","category":"math.js","message":"First operand: 2"}
{"date":"2024-3-1 18:15:0","level":"INFO","category":"math.js","message":"Second operand: 5"}
{"date":"2024-3-1 18:18:25","level":"INFO","category":"webContext.js","message":"[object Object]"}
{"date":"2024-3-1 18:18:25","level":"WARN","category":"webContext.js","message":"[object Object]"}
{"date":"2024-3-1 18:18:25","level":"INFO","category":"math.js","message":"First operand: 2"}
{"date":"2024-3-1 18:18:25","level":"DEBUG","category":"webContext.js","message":"Some debug data"}
{"date":"2024-3-1 18:18:25","level":"ERROR","category":"webContext.js","message":"occur: My log"}
{"date":"2024-3-1 18:18:25","level":"INFO","category":"math.js","message":"Second operand: 5"}
2024-3-1 18:19:13,INFO,webContext.js,[object Object]
2024-3-1 18:19:13,WARN,webContext.js,[object Object]
2024-3-1 18:19:13,DEBUG,webContext.js,Some debug data
2024-3-1 18:19:13,INFO,math.js,First operand: 2
2024-3-1 18:19:13,INFO,math.js,Second operand: 5
2024-3-1 18:19:13,ERROR,webContext.js,occur: My log
Date: 2024-3-1 18:19:31, category: webContext.js, level: INFO, message: "[object Object]"
Date: 2024-3-1 18:19:31, category: webContext.js, level: ERROR, message: "occur: My log"
Date: 2024-3-1 18:19:31, category: webContext.js, level: WARN, message: "[object Object]"
Date: 2024-3-1 18:19:31, category: webContext.js, level: DEBUG, message: "Some debug data"
Date: 2024-3-1 18:19:31, category: math.js, level: INFO, message: "First operand: 2"
Date: 2024-3-1 18:19:31, category: math.js, level: INFO, message: "Second operand: 5"
