Date: 24.02.2024, 22:02:47, category: app.js, level: ERROR, message: "ERROR occur: My log"
Date: 24.02.2024, 22:03:08, category: app.js, level: ERROR, message: "ERROR occur: My log"
Date: 24.02.2024, 22:04:10, category: app.js, level: ERROR, message: "ERROR occur: My log"
Date: 24.02.2024, 22:05:42, category: app.js, level: ERROR, message: "ERROR occur: My log"
Date: 24.02.2024, 22:13:49, category: app.js, level: ERROR, message: "ERROR occur: My log"
Date: 01.03.2024, 13:01:19, category: app.js, level: ERROR, message: "ERROR occur: My log"
Date: function getTime() { [native code] }, category: app.js, level: ERROR, message: "ERROR occur: My log"
Date: function getTime() { [native code] }, category: app.js, level: ERROR, message: "ERROR occur: My log"
Date: 1709291153646, category: app.js, level: ERROR, message: "ERROR occur: My log"
Date: Fri Mar 01 2024 13:11:24 GMT+0200 (Израиль, стандартное время), category: app.js, level: ERROR, message: "ERROR occur: My log"
Date: 13:21:14, category: app.js, level: ERROR, message: "ERROR occur: My log"
Date: function formatDate() {
    const currentDate = new Date();
    const formattedDate = `${currentDate.getFullYear()}-${
        currentDate.getMonth() + 1
    }-${currentDate.getDate()} ${currentDate.getHours()}:${currentDate.getMinutes()}:${currentDate.getSeconds()}`;
    console.log(formattedDate);
    return formatDate;
}, category: app.js, level: ERROR, message: "ERROR occur: My log"
Date: function formatDate() {
    const currentDate = new Date();
    const formattedDate = `${currentDate.getFullYear()}-${
        currentDate.getMonth() + 1
    }-${currentDate.getDate()} ${currentDate.getHours()}:${currentDate.getMinutes()}:${currentDate.getSeconds()}`;
    return formatDate;
}, category: app.js, level: ERROR, message: "ERROR occur: My log"
Date: 2024-3-1 14:14:6, category: app.js, level: ERROR, message: "ERROR occur: My log"
Date: 2024-3-1 14:14:24, category: app.js, level: ERROR, message: "ERROR occur: My log"
Date: 2024-3-1 14:18:13, category: app.js, level: ERROR, message: "ERROR occur: My log"
