{"date":"2024-3-2 19:8:4","level":"ERROR","category":"app.js","message":"occur: My log","fileName":"D:\\NodeJS\\Lessons\\HW4\\app.js"}
{"date":"2024-3-2 19:11:45","level":"ERROR","category":"app.js","message":"occur: My log","fileName":"D:\\NodeJS\\Lessons\\HW4\\app.js"}
{"date":"2024-3-2 19:12:39","level":"ERROR","category":"app.js","message":"occur: My log","fileName":"D:\\NodeJS\\Lessons\\HW4\\app.js"}
{"date":"2024-3-2 19:35:39","level":"ERROR","category":"app.js","message":"occur: My log","fileName":"D:\\NodeJS\\Lessons\\HW4\\app.js"}
{"date":"2024-3-2 19:42:1","level":"ERROR","category":"app.js","message":"occur: My log","fileName":"D:\\NodeJS\\Lessons\\HW4\\app.js"}
Date: undefined, category: undefined, level: undefined, message: undefined, fileName: undefined
Date: undefined, category: undefined, level: undefined, message: undefined, fileName: undefined
Date: undefined, category: undefined, level: undefined, message: undefined, fileName: undefined
Date: undefined, category: undefined, level: undefined, message: undefined, fileName: undefined
Date: undefined, category: undefined, level: undefined, message: undefined, fileName: undefined
Date: undefined, category: undefined, level: undefined, message: undefined, fileName: undefined
{"date":"2024-3-2 20:51:41","level":"ERROR","category":"app.js","message":"occur: My log","fileName":"D:\\NodeJS\\Lessons\\HW4\\app.js"}
{"date":"2024-3-2 20:52:20","level":"ERROR","category":"app.js","message":"occur: My log","fileName":"D:\\NodeJS\\Lessons\\HW4\\app.js"}
Date: undefined, category: undefined, level: undefined, message: undefined, fileName: undefined
Date: undefined, category: undefined, level: undefined, message: undefined, fileName: undefined
Date: undefined, category: undefined, level: undefined, message: undefined, fileName: undefined
Date: undefined, category: undefined, level: undefined, message: undefined, fileName: undefined
Date: undefined, category: undefined, level: undefined, message: undefined, fileName: undefined
Date: undefined, category: undefined, level: undefined, message: undefined, fileName: undefined
{"date":"2024-3-2 20:55:2","level":"ERROR","category":"app.js","message":"occur: My log","fileName":"D:\\NodeJS\\Lessons\\HW4\\app.js"}
{"date":"2024-3-2 21:26:19","level":"ERROR","category":"app.js","message":"occur: My log","fileName":"D:\\NodeJS\\Lessons\\HW4\\app.js"}
{"date":"2024-3-2 21:27:54","level":"ERROR","category":"app.js","message":"occur: My log","fileName":"D:\\NodeJS\\Lessons\\HW4\\app.js"}
Date: undefined, category: undefined, level: undefined, message: undefined, fileName: undefined
Date: undefined, category: undefined, level: undefined, message: undefined, fileName: undefined
Date: undefined, category: undefined, level: undefined, message: undefined, fileName: undefined
Date: undefined, category: undefined, level: undefined, message: undefined, fileName: undefined
Date: undefined, category: undefined, level: undefined, message: undefined, fileName: undefined
Date: undefined, category: undefined, level: undefined, message: undefined, fileName: undefined
Date: undefined, category: undefined, level: undefined, message: undefined, fileName: undefined
Date: undefined, category: undefined, level: undefined, message: undefined, fileName: undefined
Date: undefined, category: undefined, level: undefined, message: undefined, fileName: undefined
Date: undefined, category: undefined, level: undefined, message: undefined, fileName: undefined
Date: undefined, category: undefined, level: undefined, message: undefined, fileName: undefined
Date: undefined, category: undefined, level: undefined, message: undefined, fileName: undefined
Date: undefined, category: undefined, level: undefined, message: undefined, fileName: undefined
Date: undefined, category: undefined, level: undefined, message: undefined, fileName: undefined
Date: undefined, category: undefined, level: undefined, message: undefined, fileName: undefined
Date: undefined, category: undefined, level: undefined, message: undefined, fileName: undefined
Date: undefined, category: undefined, level: undefined, message: undefined, fileName: undefined
Date: undefined, category: undefined, level: undefined, message: undefined, fileName: undefined
Date: undefined, category: undefined, level: undefined, message: undefined, fileName: undefined
Date: undefined, category: undefined, level: undefined, message: undefined, fileName: undefined
Date: undefined, category: undefined, level: undefined, message: undefined, fileName: undefined
Date: undefined, category: undefined, level: undefined, message: undefined, fileName: undefined
Date: undefined, category: undefined, level: undefined, message: undefined, fileName: undefined
Date: undefined, category: undefined, level: undefined, message: undefined, fileName: undefined
Date: undefined, category: undefined, level: undefined, message: undefined, fileName: undefined
Date: undefined, category: undefined, level: undefined, message: undefined, fileName: undefined
Date: undefined, category: undefined, level: undefined, message: undefined, fileName: undefined
Date: undefined, category: undefined, level: undefined, message: undefined, fileName: undefined
Date: undefined, category: undefined, level: undefined, message: undefined, fileName: undefined
Date: undefined, category: undefined, level: undefined, message: undefined, fileName: undefined
{"date":"2024-3-2 21:46:31","level":"ERROR","category":"app.js","message":"occur: My log","fileName":"D:\\NodeJS\\Lessons\\HW4\\app.js"}
{"date":"2024-3-2 21:46:44","level":"ERROR","category":"app.js","message":"occur: My log","fileName":"D:\\NodeJS\\Lessons\\HW4\\app.js"}
{"date":"2024-3-2 21:51:43","level":"ERROR","category":"app.js","message":"occur: My log","fileName":"D:\\NodeJS\\Lessons\\HW4\\app.js"}
Date: , category: undefined, level: undefined, message: undefined, fileName: undefined
Date: , category: undefined, level: undefined, message: undefined, fileName: undefined
Date: , category: undefined, level: undefined, message: undefined, fileName: undefined
Date: , category: undefined, level: undefined, message: undefined, fileName: undefined
Date: , category: undefined, level: undefined, message: undefined, fileName: undefined
Date: , category: undefined, level: undefined, message: undefined, fileName: undefined
Date: , category: undefined, level: undefined, message: undefined, fileName: undefined
Date: , category: undefined, level: undefined, message: undefined, fileName: undefined
Date: , category: undefined, level: undefined, message: undefined, fileName: undefined
Date: , category: undefined, level: undefined, message: undefined, fileName: undefined
Date: , category: undefined, level: undefined, message: undefined, fileName: undefined
Date: , category: undefined, level: undefined, message: undefined, fileName: undefined
{"date":"2024-3-2 22:0:43","level":"ERROR","category":"app.js","message":"occur: My log","fileName":"D:\\NodeJS\\Lessons\\HW4\\app.js"}
{"date":"2024-3-2 22:35:15","level":"ERROR","category":"app.js","message":"occur: My log","fileName":"D:\\NodeJS\\Lessons\\HW4\\app.js"}, fileName: app.js
{"date":"2024-3-2 22:37:4","level":"ERROR","category":"app.js","message":"occur: My log","fileName":"D:\\NodeJS\\Lessons\\HW4\\app.js"}
{"date":"2024-3-2 22:37:46","level":"ERROR","category":"app.js","message":"occur: My log","fileName":"D:\\NodeJS\\Lessons\\HW4\\app.js"}
{"date":"2024-3-2 22:38:49","level":"ERROR","category":"app.js","message":"occur: My log","fileName":"D:\\NodeJS\\Lessons\\HW4\\app.js"}
[object Promise]Date: 2024-3-2 22:50:57, category: app.js, level: ERROR, message: "occur: My log", fileName: D:\NodeJS\Lessons\HW4\app.js
Date: 2024-3-2 22:51:21, category: app.js, level: ERROR, message: "occur: My log", fileName: D:\NodeJS\Lessons\HW4\app.js
Date: undefined, category: undefined, level: undefined, message: undefined, fileName: undefined
Date: undefined, category: undefined, level: undefined, message: undefined, fileName: undefined
Date: 2024-3-2 23:7:34, category: app.js, level: ERROR, message: occur: My log, fileName: D:\NodeJS\Lessons\HW4\app.js
Date: 2024-3-2 23:25:38, category: app.js, level: ERROR, message: occur: My log, fileName: D:\NodeJS\Lessons\HW4\app.js
Date: 2024-3-2 23:26:18, category: app.js, level: ERROR, message: occur: My log, fileName: D:\NodeJS\Lessons\HW4\app.js
Date: 2024-3-2 23:26:44, category: app.js, level: ERROR, message: occur: My log, fileName: D:\NodeJS\Lessons\HW4\app.js
Date: 2024-3-2 23:28:2, category: app.js, level: ERROR, message: occur: My log, fileName: D:\NodeJS\Lessons\HW4\app.js
Date: 2024-3-2 23:31:8, category: app.js, level: ERROR, message: occur: My log, fileName: D:\NodeJS\Lessons\HW4\app.js
Date: undefined, category: undefined, level: undefined, message: undefined, fileName: undefined
Date: undefined, category: undefined, level: undefined, message: undefined, fileName: undefined
50,48,50,52,45,51,45,50,32,50,51,58,52,55,58,48,44,69,82,82,79,82,44,97,112,112,46,106,115,44,111,99,99,117,114,58,32,77,121,32,108,111,103,44,68,58,92,78,111,100,101,74,83,92,76,101,115,115,111,110,115,92,72,87,52,92,97,112,112,46,106,115,10
50,48,50,52,45,51,45,50,32,50,51,58,52,56,58,51,53,44,69,82,82,79,82,44,97,112,112,46,106,115,44,111,99,99,117,114,58,32,77,121,32,108,111,103,44,68,58,92,78,111,100,101,74,83,92,76,101,115,115,111,110,115,92,72,87,52,92,97,112,112,46,106,115,10
50,48,50,52,45,51,45,50,32,50,51,58,53,51,58,53,48,44,69,82,82,79,82,44,97,112,112,46,106,115,44,111,99,99,117,114,58,32,77,121,32,108,111,103,44,68,58,92,78,111,100,101,74,83,92,76,101,115,115,111,110,115,92,72,87,52,92,97,112,112,46,106,115,10
50,48,50,52,45,51,45,51,32,48,58,48,58,53,48,44,69,82,82,79,82,44,97,112,112,46,106,115,44,111,99,99,117,114,58,32,77,121,32,108,111,103,44,68,58,92,78,111,100,101,74,83,92,76,101,115,115,111,110,115,92,72,87,52,92,97,112,112,46,106,115,10
Date: [object Object], category: undefined, level: undefined, message: undefined, fileName: undefined
[object Promise]Date: 2024-3-3 0:19:47, category: app.js, level: ERROR, message: occur: My log, fileName: D:\NodeJS\Lessons\HW4\app.js
Date: 2024-3-3 0:21:59, category: app.js, level: ERROR, message: occur: My log, fileName: D:\NodeJS\Lessons\HW4\app.js
Date: [object Object], category: undefined, level: undefined, message: undefined, fileName: undefined
Date: [object Object], category: undefined, level: undefined, message: undefined, fileName: undefined
Date: 2024-3-3 0:31:18,ERROR,app.js,occur: My log,,D:\NodeJS\Lessons\HW4\app.js, category: undefined, level: undefined, message: undefined, fileName: undefined
